[2026-03-04T06:17:39Z] run_dir=results/pipeline_repro_20260304T061739Z
[2026-03-04T06:17:39Z] op=matmul
[2026-03-04T06:17:39Z] params: dtype=fp16 tune_size=16 eval_size=16 prototype_count=4 warmup=5 repeat=10 bucket_splits=[4, 2048, 3072]
[2026-03-04T06:17:39Z] START stage=setup_benchmark
[2026-03-04T06:17:47Z] bucket_key_info splits=[4, 2048, 3072] reachable=[0, 1, 2, 3, 4, 5, 6, 7] unreachable=[] eval=[0, 1, 2, 3]
[2026-03-04T06:17:47Z] END stage=setup_benchmark elapsed_sec=8
[2026-03-04T06:17:47Z] START stage=prototype
[2026-03-04T06:18:13Z] prototype_candidate_ids=c24,c18,c29
[2026-03-04T06:18:13Z] END stage=prototype elapsed_sec=25
[2026-03-04T06:18:13Z] START stage=benchmark_bucket
[2026-03-04T06:18:52Z] END stage=benchmark_bucket elapsed_sec=39
[2026-03-04T06:18:52Z] START stage=benchmark_full_tune
[2026-03-04T06:21:09Z] END stage=benchmark_full_tune elapsed_sec=136
[2026-03-04T06:21:09Z] START stage=benchmark_torch
[2026-03-04T06:21:29Z] END stage=benchmark_torch elapsed_sec=20
[2026-03-04T06:21:29Z] START stage=case_compare
[2026-03-04T06:21:29Z] END stage=case_compare elapsed_sec=0
[2026-03-04T06:21:29Z] START stage=summary
[2026-03-04T06:21:29Z] END stage=summary elapsed_sec=0
[2026-03-04T06:21:29Z] stage_elapsed_sec=setup_benchmark:8,prototype:25,benchmark_bucket:39,benchmark_full_tune:136,benchmark_torch:20,case_compare:0,summary:0
[2026-03-04T06:21:29Z] TOTAL elapsed_sec=230
[2026-03-04T06:21:29Z] DONE
[2026-03-04T06:21:29Z] outputs:
[2026-03-04T06:21:29Z]   - results/pipeline_repro_20260304T061739Z/prototype_best.csv
[2026-03-04T06:21:29Z]   - results/pipeline_repro_20260304T061739Z/bucket_torch.csv
[2026-03-04T06:21:29Z]   - results/pipeline_repro_20260304T061739Z/bucket_torch_case_compare_eval.csv
[2026-03-04T06:21:29Z]   - results/pipeline_repro_20260304T061739Z/bucket_torch_summary_overall.csv
[2026-03-04T06:21:29Z]   - results/pipeline_repro_20260304T061739Z/bucket_torch_summary_tune.csv
[2026-03-04T06:21:29Z]   - results/pipeline_repro_20260304T061739Z/bucket_torch_summary_by_bucket.csv
