[2026-03-04T04:13:09Z] run_dir=results/pipeline_repro_20260304T041309Z
[2026-03-04T04:13:09Z] op=matmul
[2026-03-04T04:13:09Z] params: dtype=fp16 tune_size=8 eval_size=4 prototype_count=1 warmup=1 repeat=1 bucket_splits=[128, 2048, 3072]
[2026-03-04T04:13:09Z] START stage=setup_benchmark
[2026-03-04T04:13:17Z] bucket_key_info splits=[128, 2048, 3072] reachable=[4, 5, 6, 7] unreachable=[0, 1, 2, 3] eval=[6, 7]
[2026-03-04T04:13:17Z] END stage=setup_benchmark elapsed_sec=7
[2026-03-04T04:13:17Z] START async_stage=benchmark_torch_capture
[2026-03-04T04:13:17Z] START stage=prototype
[2026-03-04T04:13:40Z] prototype_candidate_ids=c29
[2026-03-04T04:13:40Z] END stage=prototype elapsed_sec=23
[2026-03-04T04:13:40Z] START stage=benchmark_bucket
[2026-03-04T04:14:13Z] END stage=benchmark_bucket elapsed_sec=33
[2026-03-04T04:14:13Z] START stage=benchmark_torch
[2026-03-04T04:14:13Z] END stage=benchmark_torch elapsed_sec=0
[2026-03-04T04:14:13Z] START stage=case_compare
[2026-03-04T04:14:13Z] END stage=case_compare elapsed_sec=0
[2026-03-04T04:14:13Z] START stage=summary
[2026-03-04T04:14:13Z] END stage=summary elapsed_sec=0
[2026-03-04T04:14:13Z] stage_elapsed_sec=setup_benchmark:7,prototype:23,benchmark_bucket:33,benchmark_torch:0,case_compare:0,summary:0
[2026-03-04T04:14:13Z] TOTAL elapsed_sec=64
[2026-03-04T04:14:13Z] DONE
[2026-03-04T04:14:13Z] outputs:
[2026-03-04T04:14:13Z]   - results/pipeline_repro_20260304T041309Z/prototype_best.csv
[2026-03-04T04:14:13Z]   - results/pipeline_repro_20260304T041309Z/bucket_torch.csv
[2026-03-04T04:14:13Z]   - results/pipeline_repro_20260304T041309Z/bucket_torch_case_compare_eval.csv
[2026-03-04T04:14:13Z]   - results/pipeline_repro_20260304T041309Z/bucket_torch_summary_overall.csv
[2026-03-04T04:14:13Z]   - results/pipeline_repro_20260304T041309Z/bucket_torch_summary_tune.csv
[2026-03-04T04:14:13Z]   - results/pipeline_repro_20260304T041309Z/bucket_torch_summary_by_bucket.csv
