[2026-03-04T09:45:14Z] run_dir=results/pipeline_repro_20260304T094514Z
[2026-03-04T09:45:14Z] op=matmul
[2026-03-04T09:45:14Z] params: dtype=fp16 tune_size=16 eval_size=16 prototype_count=0 warmup=0 repeat=5 bucket_splits=[4, 2048, 3072]
[2026-03-04T09:45:14Z] START stage=setup_benchmark
[2026-03-04T09:45:22Z] bucket_key_info splits=[4, 2048, 3072] reachable=[0, 1, 2, 3, 4, 5, 6, 7] unreachable=[] eval=[0, 1, 2, 3]
[2026-03-04T09:45:22Z] END stage=setup_benchmark elapsed_sec=8
[2026-03-04T09:45:22Z] START async_stage=benchmark_torch_capture
[2026-03-04T09:45:22Z] SKIP stage=prototype reason=prototype_count=0 (no config filtering)
[2026-03-04T09:45:22Z] START stage=benchmark_bucket
[2026-03-04T09:46:11Z] END stage=benchmark_bucket elapsed_sec=49
[2026-03-04T09:46:11Z] START stage=benchmark_torch
[2026-03-04T09:46:11Z] END stage=benchmark_torch elapsed_sec=0
[2026-03-04T09:46:11Z] START stage=case_compare
[2026-03-04T09:46:11Z] END stage=case_compare elapsed_sec=0
[2026-03-04T09:46:11Z] START stage=summary
[2026-03-04T09:46:11Z] END stage=summary elapsed_sec=0
[2026-03-04T09:46:11Z] stage_elapsed_sec=setup_benchmark:8,benchmark_bucket:49,benchmark_torch:0,case_compare:0,summary:0
[2026-03-04T09:46:11Z] TOTAL elapsed_sec=57
[2026-03-04T09:46:11Z] DONE
[2026-03-04T09:46:11Z] outputs:
[2026-03-04T09:46:11Z]   - results/pipeline_repro_20260304T094514Z/prototype_best.csv
[2026-03-04T09:46:11Z]   - results/pipeline_repro_20260304T094514Z/bucket_torch.csv
[2026-03-04T09:46:11Z]   - results/pipeline_repro_20260304T094514Z/bucket_torch_case_compare_eval.csv
[2026-03-04T09:46:11Z]   - results/pipeline_repro_20260304T094514Z/bucket_torch_summary_overall.csv
[2026-03-04T09:46:11Z]   - results/pipeline_repro_20260304T094514Z/bucket_torch_summary_tune.csv
[2026-03-04T09:46:11Z]   - results/pipeline_repro_20260304T094514Z/bucket_torch_summary_by_bucket.csv
