[2026-03-04T04:07:33Z] run_dir=results/pipeline_repro_20260304T040733Z
[2026-03-04T04:07:33Z] op=matmul
[2026-03-04T04:07:33Z] params: dtype=fp16 tune_size=16 eval_size=16 prototype_count=4 warmup=5 repeat=10 bucket_splits=[128, 2048, 3072]
[2026-03-04T04:07:33Z] START stage=setup_benchmark
[2026-03-04T04:07:41Z] bucket_key_info splits=[128, 2048, 3072] reachable=[4, 5, 6, 7] unreachable=[0, 1, 2, 3] eval=[4, 5, 6, 7]
[2026-03-04T04:07:41Z] END stage=setup_benchmark elapsed_sec=7
[2026-03-04T04:07:41Z] START async_stage=benchmark_torch_capture
[2026-03-04T04:07:41Z] START stage=prototype
[2026-03-04T04:08:10Z] prototype_candidate_ids=c18,c16,c29
[2026-03-04T04:08:10Z] END stage=prototype elapsed_sec=29
[2026-03-04T04:08:10Z] START stage=benchmark_bucket
[2026-03-04T04:08:46Z] END stage=benchmark_bucket elapsed_sec=35
[2026-03-04T04:08:46Z] START stage=benchmark_torch
[2026-03-04T04:08:46Z] END stage=benchmark_torch elapsed_sec=0
[2026-03-04T04:08:46Z] START stage=case_compare
[2026-03-04T04:08:46Z] END stage=case_compare elapsed_sec=0
[2026-03-04T04:08:46Z] START stage=summary
[2026-03-04T04:08:46Z] END stage=summary elapsed_sec=0
[2026-03-04T04:08:46Z] stage_elapsed_sec=setup_benchmark:7,prototype:29,benchmark_bucket:35,benchmark_torch:0,case_compare:0,summary:0
[2026-03-04T04:08:46Z] TOTAL elapsed_sec=73
[2026-03-04T04:08:46Z] DONE
[2026-03-04T04:08:46Z] outputs:
[2026-03-04T04:08:46Z]   - results/pipeline_repro_20260304T040733Z/prototype_best.csv
[2026-03-04T04:08:46Z]   - results/pipeline_repro_20260304T040733Z/bucket_torch.csv
[2026-03-04T04:08:46Z]   - results/pipeline_repro_20260304T040733Z/bucket_torch_case_compare_eval.csv
[2026-03-04T04:08:46Z]   - results/pipeline_repro_20260304T040733Z/bucket_torch_summary_overall.csv
[2026-03-04T04:08:46Z]   - results/pipeline_repro_20260304T040733Z/bucket_torch_summary_tune.csv
[2026-03-04T04:08:46Z]   - results/pipeline_repro_20260304T040733Z/bucket_torch_summary_by_bucket.csv
