[2026-03-04T09:37:31Z] run_dir=results/pipeline_repro_20260304T093731Z
[2026-03-04T09:37:31Z] op=matmul
[2026-03-04T09:37:31Z] params: dtype=fp16 tune_size=16 eval_size=16 prototype_count=4 warmup=0 repeat=5 bucket_splits=[4, 2048, 3072]
[2026-03-04T09:37:31Z] START stage=setup_benchmark
[2026-03-04T09:37:39Z] bucket_key_info splits=[4, 2048, 3072] reachable=[0, 1, 2, 3, 4, 5, 6, 7] unreachable=[] eval=[0, 1, 2, 3]
[2026-03-04T09:37:39Z] END stage=setup_benchmark elapsed_sec=8
[2026-03-04T09:37:39Z] START async_stage=benchmark_torch_capture
[2026-03-04T09:37:39Z] START stage=prototype
[2026-03-04T09:38:06Z] prototype_candidate_ids=c18,c29,c16
[2026-03-04T09:38:06Z] END stage=prototype elapsed_sec=26
[2026-03-04T09:38:06Z] START stage=benchmark_bucket
[2026-03-04T09:38:45Z] END stage=benchmark_bucket elapsed_sec=39
[2026-03-04T09:38:45Z] START stage=benchmark_torch
[2026-03-04T09:38:45Z] END stage=benchmark_torch elapsed_sec=0
[2026-03-04T09:38:45Z] START stage=case_compare
[2026-03-04T09:38:45Z] END stage=case_compare elapsed_sec=0
[2026-03-04T09:38:45Z] START stage=summary
[2026-03-04T09:38:45Z] END stage=summary elapsed_sec=0
[2026-03-04T09:38:45Z] stage_elapsed_sec=setup_benchmark:8,prototype:26,benchmark_bucket:39,benchmark_torch:0,case_compare:0,summary:0
[2026-03-04T09:38:45Z] TOTAL elapsed_sec=74
[2026-03-04T09:38:45Z] DONE
[2026-03-04T09:38:45Z] outputs:
[2026-03-04T09:38:45Z]   - results/pipeline_repro_20260304T093731Z/prototype_best.csv
[2026-03-04T09:38:45Z]   - results/pipeline_repro_20260304T093731Z/bucket_torch.csv
[2026-03-04T09:38:45Z]   - results/pipeline_repro_20260304T093731Z/bucket_torch_case_compare_eval.csv
[2026-03-04T09:38:45Z]   - results/pipeline_repro_20260304T093731Z/bucket_torch_summary_overall.csv
[2026-03-04T09:38:45Z]   - results/pipeline_repro_20260304T093731Z/bucket_torch_summary_tune.csv
[2026-03-04T09:38:45Z]   - results/pipeline_repro_20260304T093731Z/bucket_torch_summary_by_bucket.csv
