[2026-03-04T06:17:42Z] run_dir=results/pipeline_repro_20260304T061742Z
[2026-03-04T06:17:42Z] op=matmul
[2026-03-04T06:17:42Z] params: dtype=fp16 tune_size=8 eval_size=2 prototype_count=1 warmup=1 repeat=1 bucket_splits=[128, 2048, 3072]
[2026-03-04T06:17:42Z] START stage=setup_benchmark
[2026-03-04T06:17:50Z] bucket_key_info splits=[128, 2048, 3072] reachable=[4, 5, 6, 7] unreachable=[0, 1, 2, 3] eval=[6, 7]
[2026-03-04T06:17:50Z] END stage=setup_benchmark elapsed_sec=7
[2026-03-04T06:17:50Z] START stage=prototype
[2026-03-04T06:18:10Z] prototype_candidate_ids=c29
[2026-03-04T06:18:10Z] END stage=prototype elapsed_sec=20
[2026-03-04T06:18:10Z] START stage=benchmark_bucket
[2026-03-04T06:18:40Z] END stage=benchmark_bucket elapsed_sec=29
[2026-03-04T06:18:40Z] START stage=benchmark_full_tune
[2026-03-04T06:19:09Z] END stage=benchmark_full_tune elapsed_sec=28
[2026-03-04T06:19:09Z] START stage=benchmark_torch
[2026-03-04T06:19:24Z] END stage=benchmark_torch elapsed_sec=15
[2026-03-04T06:19:24Z] START stage=case_compare
[2026-03-04T06:19:24Z] END stage=case_compare elapsed_sec=0
[2026-03-04T06:19:24Z] START stage=summary
[2026-03-04T06:19:24Z] END stage=summary elapsed_sec=0
[2026-03-04T06:19:24Z] stage_elapsed_sec=setup_benchmark:7,prototype:20,benchmark_bucket:29,benchmark_full_tune:28,benchmark_torch:15,case_compare:0,summary:0
[2026-03-04T06:19:24Z] TOTAL elapsed_sec=101
[2026-03-04T06:19:24Z] DONE
[2026-03-04T06:19:24Z] outputs:
[2026-03-04T06:19:24Z]   - results/pipeline_repro_20260304T061742Z/prototype_best.csv
[2026-03-04T06:19:24Z]   - results/pipeline_repro_20260304T061742Z/bucket_torch.csv
[2026-03-04T06:19:24Z]   - results/pipeline_repro_20260304T061742Z/bucket_torch_case_compare_eval.csv
[2026-03-04T06:19:24Z]   - results/pipeline_repro_20260304T061742Z/bucket_torch_summary_overall.csv
[2026-03-04T06:19:24Z]   - results/pipeline_repro_20260304T061742Z/bucket_torch_summary_tune.csv
[2026-03-04T06:19:24Z]   - results/pipeline_repro_20260304T061742Z/bucket_torch_summary_by_bucket.csv
