[2026-03-04T06:06:20Z] run_dir=results/pipeline_repro_20260304T060620Z
[2026-03-04T06:06:20Z] op=matmul
[2026-03-04T06:06:20Z] params: dtype=fp16 tune_size=16 eval_size=16 prototype_count=4 warmup=5 repeat=10 bucket_splits=[4, 2048, 3072]
[2026-03-04T06:06:20Z] START stage=setup_benchmark
[2026-03-04T06:06:28Z] bucket_key_info splits=[4, 2048, 3072] reachable=[0, 1, 2, 3, 4, 5, 6, 7] unreachable=[] eval=[0, 1, 2, 3]
[2026-03-04T06:06:28Z] END stage=setup_benchmark elapsed_sec=7
[2026-03-04T06:06:28Z] START stage=prototype
[2026-03-04T06:06:56Z] prototype_candidate_ids=c24,c18,c29,c12
[2026-03-04T06:06:56Z] END stage=prototype elapsed_sec=28
[2026-03-04T06:06:56Z] START stage=benchmark_bucket
[2026-03-04T06:07:34Z] END stage=benchmark_bucket elapsed_sec=37
[2026-03-04T06:07:34Z] START stage=benchmark_full_tune
[2026-03-04T06:09:49Z] END stage=benchmark_full_tune elapsed_sec=134
[2026-03-04T06:09:49Z] START stage=benchmark_torch
[2026-03-04T06:10:09Z] END stage=benchmark_torch elapsed_sec=20
[2026-03-04T06:10:09Z] START stage=case_compare
[2026-03-04T06:10:09Z] END stage=case_compare elapsed_sec=0
[2026-03-04T06:10:09Z] START stage=summary
[2026-03-04T06:10:09Z] END stage=summary elapsed_sec=0
[2026-03-04T06:10:09Z] stage_elapsed_sec=setup_benchmark:7,prototype:28,benchmark_bucket:37,benchmark_full_tune:134,benchmark_torch:20,case_compare:0,summary:0
[2026-03-04T06:10:09Z] TOTAL elapsed_sec=229
[2026-03-04T06:10:09Z] DONE
[2026-03-04T06:10:09Z] outputs:
[2026-03-04T06:10:09Z]   - results/pipeline_repro_20260304T060620Z/prototype_best.csv
[2026-03-04T06:10:09Z]   - results/pipeline_repro_20260304T060620Z/bucket_torch.csv
[2026-03-04T06:10:09Z]   - results/pipeline_repro_20260304T060620Z/bucket_torch_case_compare_eval.csv
[2026-03-04T06:10:09Z]   - results/pipeline_repro_20260304T060620Z/bucket_torch_summary_overall.csv
[2026-03-04T06:10:09Z]   - results/pipeline_repro_20260304T060620Z/bucket_torch_summary_tune.csv
[2026-03-04T06:10:09Z]   - results/pipeline_repro_20260304T060620Z/bucket_torch_summary_by_bucket.csv
