[2026-03-04T06:59:30Z] run_dir=results/pipeline_repro_20260304T065930Z
[2026-03-04T06:59:30Z] op=matmul
[2026-03-04T06:59:30Z] params: dtype=fp16 tune_size=16 eval_size=8 prototype_count=4 warmup=5 repeat=5 bucket_splits=[4, 2048, 3072]
[2026-03-04T06:59:30Z] speed_ratio_power_p=2.0
[2026-03-04T06:59:30Z] START stage=setup_benchmark
[2026-03-04T06:59:38Z] bucket_key_info splits=[4, 2048, 3072] reachable=[0, 1, 2, 3, 4, 5, 6, 7] unreachable=[] eval=[0, 1, 2, 3]
[2026-03-04T06:59:38Z] END stage=setup_benchmark elapsed_sec=8
[2026-03-04T06:59:38Z] START stage=prototype
[2026-03-04T07:00:05Z] prototype_candidate_ids=c24,c18,c29
[2026-03-04T07:00:05Z] END stage=prototype elapsed_sec=26
[2026-03-04T07:00:05Z] START stage=benchmark_bucket
[2026-03-04T07:00:43Z] END stage=benchmark_bucket elapsed_sec=38
[2026-03-04T07:00:43Z] START stage=benchmark_full_tune
[2026-03-04T07:01:24Z] END stage=benchmark_full_tune elapsed_sec=41
[2026-03-04T07:01:24Z] START stage=benchmark_torch
[2026-03-04T07:01:42Z] END stage=benchmark_torch elapsed_sec=17
[2026-03-04T07:01:42Z] START stage=case_compare
[2026-03-04T07:01:42Z] END stage=case_compare elapsed_sec=0
[2026-03-04T07:01:42Z] START stage=summary
[2026-03-04T07:01:42Z] END stage=summary elapsed_sec=0
[2026-03-04T07:01:42Z] stage_elapsed_sec=setup_benchmark:8,prototype:26,benchmark_bucket:38,benchmark_full_tune:41,benchmark_torch:17,case_compare:0,summary:0
[2026-03-04T07:01:42Z] TOTAL elapsed_sec=132
[2026-03-04T07:01:42Z] DONE
[2026-03-04T07:01:42Z] outputs:
[2026-03-04T07:01:42Z]   - results/pipeline_repro_20260304T065930Z/prototype_best.csv
[2026-03-04T07:01:42Z]   - results/pipeline_repro_20260304T065930Z/bucket_torch.csv
[2026-03-04T07:01:42Z]   - results/pipeline_repro_20260304T065930Z/bucket_torch_case_compare_eval.csv
[2026-03-04T07:01:42Z]   - results/pipeline_repro_20260304T065930Z/bucket_torch_summary_overall.csv
[2026-03-04T07:01:42Z]   - results/pipeline_repro_20260304T065930Z/bucket_torch_summary_tune.csv
[2026-03-04T07:01:42Z]   - results/pipeline_repro_20260304T065930Z/bucket_torch_summary_by_bucket.csv
