[2026-03-04T06:50:08Z] run_dir=results/pipeline_repro_20260304T065008Z
[2026-03-04T06:50:08Z] op=matmul
[2026-03-04T06:50:08Z] params: dtype=fp16 tune_size=16 eval_size=16 prototype_count=4 warmup=5 repeat=5 bucket_splits=[4, 2048, 3072]
[2026-03-04T06:50:08Z] speed_ratio_power_p=2.0
[2026-03-04T06:50:08Z] START stage=setup_benchmark
[2026-03-04T06:50:16Z] bucket_key_info splits=[4, 2048, 3072] reachable=[0, 1, 2, 3, 4, 5, 6, 7] unreachable=[] eval=[0, 1, 2, 3]
[2026-03-04T06:50:16Z] END stage=setup_benchmark elapsed_sec=7
[2026-03-04T06:50:16Z] START stage=prototype
[2026-03-04T06:50:36Z] prototype_candidate_ids=c16,c18,c29
[2026-03-04T06:50:36Z] END stage=prototype elapsed_sec=20
[2026-03-04T06:50:36Z] START stage=benchmark_bucket
[2026-03-04T06:51:17Z] END stage=benchmark_bucket elapsed_sec=40
[2026-03-04T06:51:17Z] START stage=benchmark_full_tune
[2026-03-04T06:52:17Z] END stage=benchmark_full_tune elapsed_sec=60
[2026-03-04T06:52:17Z] START stage=benchmark_torch
[2026-03-04T06:52:38Z] END stage=benchmark_torch elapsed_sec=21
[2026-03-04T06:52:38Z] START stage=case_compare
[2026-03-04T06:52:38Z] END stage=case_compare elapsed_sec=0
[2026-03-04T06:52:38Z] START stage=summary
[2026-03-04T06:52:38Z] END stage=summary elapsed_sec=0
[2026-03-04T06:52:38Z] stage_elapsed_sec=setup_benchmark:7,prototype:20,benchmark_bucket:40,benchmark_full_tune:60,benchmark_torch:21,case_compare:0,summary:0
[2026-03-04T06:52:38Z] TOTAL elapsed_sec=149
[2026-03-04T06:52:38Z] DONE
[2026-03-04T06:52:38Z] outputs:
[2026-03-04T06:52:38Z]   - results/pipeline_repro_20260304T065008Z/prototype_best.csv
[2026-03-04T06:52:38Z]   - results/pipeline_repro_20260304T065008Z/bucket_torch.csv
[2026-03-04T06:52:38Z]   - results/pipeline_repro_20260304T065008Z/bucket_torch_case_compare_eval.csv
[2026-03-04T06:52:38Z]   - results/pipeline_repro_20260304T065008Z/bucket_torch_summary_overall.csv
[2026-03-04T06:52:38Z]   - results/pipeline_repro_20260304T065008Z/bucket_torch_summary_tune.csv
[2026-03-04T06:52:38Z]   - results/pipeline_repro_20260304T065008Z/bucket_torch_summary_by_bucket.csv
