[2026-03-04T09:57:28Z] run_dir=results/pipeline_repro_20260304T095728Z
[2026-03-04T09:57:28Z] op=matmul
[2026-03-04T09:57:28Z] params: dtype=fp16 tune_size=16 eval_size=4 prototype_count=0 warmup=0 repeat=5 bucket_splits=[64, 2048, 3072]
[2026-03-04T09:57:28Z] START stage=setup_benchmark
[2026-03-04T09:57:35Z] bucket_key_info splits=[64, 2048, 3072] reachable=[4, 5, 6, 7] unreachable=[0, 1, 2, 3] eval=[6, 7]
[2026-03-04T09:57:35Z] END stage=setup_benchmark elapsed_sec=7
[2026-03-04T09:57:35Z] START async_stage=benchmark_torch_capture
[2026-03-04T09:57:35Z] SKIP stage=prototype reason=prototype_count=0 (no config filtering)
[2026-03-04T09:57:35Z] START stage=benchmark_bucket
[2026-03-04T09:58:14Z] END stage=benchmark_bucket elapsed_sec=38
[2026-03-04T09:58:14Z] START stage=benchmark_torch
[2026-03-04T09:58:14Z] END stage=benchmark_torch elapsed_sec=0
[2026-03-04T09:58:14Z] START stage=case_compare
[2026-03-04T09:58:14Z] END stage=case_compare elapsed_sec=0
[2026-03-04T09:58:14Z] START stage=summary
[2026-03-04T09:58:14Z] END stage=summary elapsed_sec=0
[2026-03-04T09:58:14Z] stage_elapsed_sec=setup_benchmark:7,benchmark_bucket:38,benchmark_torch:0,case_compare:0,summary:0
[2026-03-04T09:58:14Z] TOTAL elapsed_sec=46
[2026-03-04T09:58:14Z] DONE
[2026-03-04T09:58:14Z] outputs:
[2026-03-04T09:58:14Z]   - results/pipeline_repro_20260304T095728Z/prototype_best.csv
[2026-03-04T09:58:14Z]   - results/pipeline_repro_20260304T095728Z/bucket_torch.csv
[2026-03-04T09:58:14Z]   - results/pipeline_repro_20260304T095728Z/bucket_torch_case_compare_eval.csv
[2026-03-04T09:58:14Z]   - results/pipeline_repro_20260304T095728Z/bucket_torch_summary_overall.csv
[2026-03-04T09:58:14Z]   - results/pipeline_repro_20260304T095728Z/bucket_torch_summary_tune.csv
[2026-03-04T09:58:14Z]   - results/pipeline_repro_20260304T095728Z/bucket_torch_summary_by_bucket.csv
